<?xml version="1.0" encoding="UTF-8"?>
<testsuite xmlns:xsi="http://www.w3.org/2001/XMLSchema-instance" xsi:noNamespaceSchemaLocation="https://maven.apache.org/surefire/maven-surefire-plugin/xsd/surefire-test-report.xsd" version="3.0.2" name="net.ptidej.tutorial.manifold.test.Tests" time="0.119" tests="1" errors="0" skipped="0" failures="0">
  <properties>
    <property name="java.specification.version" value="21"/>
    <property name="sun.cpu.isalist" value="amd64"/>
    <property name="sun.jnu.encoding" value="Cp1252"/>
    <property name="java.class.path" value="D:\Documents\Tutorials\241001 - Forwarding and Delegation\Workspace\Manifold Forwarding\target\test-classes;D:\Documents\Tutorials\241001 - Forwarding and Delegation\Workspace\Manifold Forwarding\target\classes;C:\Users\Yann-Gaël Guéhéneuc\.m2\repository\systems\manifold\manifold-delegation-rt\2024.1.34\manifold-delegation-rt-2024.1.34.jar;C:\Users\Yann-Gaël Guéhéneuc\.m2\repository\systems\manifold\manifold-ext-rt\2024.1.34\manifold-ext-rt-2024.1.34.jar;C:\Users\Yann-Gaël Guéhéneuc\.m2\repository\systems\manifold\manifold-rt\2024.1.34\manifold-rt-2024.1.34.jar;C:\Users\Yann-Gaël Guéhéneuc\.m2\repository\systems\manifold\manifold-util\2024.1.34\manifold-util-2024.1.34.jar;C:\Users\Yann-Gaël Guéhéneuc\.m2\repository\org\junit\jupiter\junit-jupiter-api\5.11.2\junit-jupiter-api-5.11.2.jar;C:\Users\Yann-Gaël Guéhéneuc\.m2\repository\org\opentest4j\opentest4j\1.3.0\opentest4j-1.3.0.jar;C:\Users\Yann-Gaël Guéhéneuc\.m2\repository\org\junit\platform\junit-platform-commons\1.11.2\junit-platform-commons-1.11.2.jar;C:\Users\Yann-Gaël Guéhéneuc\.m2\repository\org\apiguardian\apiguardian-api\1.1.2\apiguardian-api-1.1.2.jar;"/>
    <property name="java.vm.vendor" value="Oracle Corporation"/>
    <property name="sun.arch.data.model" value="64"/>
    <property name="user.variant" value=""/>
    <property name="java.vendor.url" value="https://java.oracle.com/"/>
    <property name="user.timezone" value="America/Toronto"/>
    <property name="os.name" value="Windows 10"/>
    <property name="java.vm.specification.version" value="21"/>
    <property name="sun.java.launcher" value="SUN_STANDARD"/>
    <property name="user.country" value="CA"/>
    <property name="sun.boot.library.path" value="C:\Program Files\Java\jdk-21\bin"/>
    <property name="sun.java.command" value="C:\Cygwin64\tmp\surefire17756582249797207471\surefirebooter-20241006213419415_3.jar C:\Cygwin64\tmp\surefire17756582249797207471 2024-10-06T21-34-19_168-jvmRun1 surefire-20241006213419415_1tmp surefire_0-20241006213419415_2tmp"/>
    <property name="jdk.debug" value="release"/>
    <property name="surefire.test.class.path" value="D:\Documents\Tutorials\241001 - Forwarding and Delegation\Workspace\Manifold Forwarding\target\test-classes;D:\Documents\Tutorials\241001 - Forwarding and Delegation\Workspace\Manifold Forwarding\target\classes;C:\Users\Yann-Gaël Guéhéneuc\.m2\repository\systems\manifold\manifold-delegation-rt\2024.1.34\manifold-delegation-rt-2024.1.34.jar;C:\Users\Yann-Gaël Guéhéneuc\.m2\repository\systems\manifold\manifold-ext-rt\2024.1.34\manifold-ext-rt-2024.1.34.jar;C:\Users\Yann-Gaël Guéhéneuc\.m2\repository\systems\manifold\manifold-rt\2024.1.34\manifold-rt-2024.1.34.jar;C:\Users\Yann-Gaël Guéhéneuc\.m2\repository\systems\manifold\manifold-util\2024.1.34\manifold-util-2024.1.34.jar;C:\Users\Yann-Gaël Guéhéneuc\.m2\repository\org\junit\jupiter\junit-jupiter-api\5.11.2\junit-jupiter-api-5.11.2.jar;C:\Users\Yann-Gaël Guéhéneuc\.m2\repository\org\opentest4j\opentest4j\1.3.0\opentest4j-1.3.0.jar;C:\Users\Yann-Gaël Guéhéneuc\.m2\repository\org\junit\platform\junit-platform-commons\1.11.2\junit-platform-commons-1.11.2.jar;C:\Users\Yann-Gaël Guéhéneuc\.m2\repository\org\apiguardian\apiguardian-api\1.1.2\apiguardian-api-1.1.2.jar;"/>
    <property name="sun.cpu.endian" value="little"/>
    <property name="user.home" value="C:\Users\Yann-Gaël Guéhéneuc"/>
    <property name="user.language" value="en"/>
    <property name="java.specification.vendor" value="Oracle Corporation"/>
    <property name="java.version.date" value="2024-01-16"/>
    <property name="java.home" value="C:\Program Files\Java\jdk-21"/>
    <property name="file.separator" value="\"/>
    <property name="basedir" value="D:\Documents\Tutorials\241001 - Forwarding and Delegation\Workspace\Manifold Forwarding"/>
    <property name="java.vm.compressedOopsMode" value="32-bit"/>
    <property name="line.separator" value="&#10;"/>
    <property name="java.vm.specification.vendor" value="Oracle Corporation"/>
    <property name="java.specification.name" value="Java Platform API Specification"/>
    <property name="surefire.real.class.path" value="C:\Cygwin64\tmp\surefire17756582249797207471\surefirebooter-20241006213419415_3.jar"/>
    <property name="user.script" value=""/>
    <property name="sun.management.compiler" value="HotSpot 64-Bit Tiered Compilers"/>
    <property name="java.runtime.version" value="21.0.2+13-LTS-58"/>
    <property name="user.name" value="Yann-Gaël Guéhéneuc"/>
    <property name="stdout.encoding" value="Cp1252"/>
    <property name="path.separator" value=";"/>
    <property name="os.version" value="10.0"/>
    <property name="java.runtime.name" value="Java(TM) SE Runtime Environment"/>
    <property name="file.encoding" value="UTF-8"/>
    <property name="java.vm.name" value="Java HotSpot(TM) 64-Bit Server VM"/>
    <property name="localRepository" value="C:\Users\Yann-Gaël Guéhéneuc\.m2\repository"/>
    <property name="java.vendor.url.bug" value="https://bugreport.java.com/bugreport/"/>
    <property name="java.io.tmpdir" value="C:\Cygwin64\tmp\"/>
    <property name="java.version" value="21.0.2"/>
    <property name="user.dir" value="D:\Documents\Tutorials\241001 - Forwarding and Delegation\Workspace\Manifold Forwarding"/>
    <property name="os.arch" value="amd64"/>
    <property name="java.vm.specification.name" value="Java Virtual Machine Specification"/>
    <property name="sun.os.patch.level" value=""/>
    <property name="native.encoding" value="Cp1252"/>
    <property name="java.library.path" value="C:\Program Files\Java\jdk-21\bin;C:\WINDOWS\Sun\Java\bin;C:\WINDOWS\system32;C:\WINDOWS;C:\Cygwin64\usr\local\bin;C:\Cygwin64\bin;C:\Program Files (x86)\VMware\VMware Player\bin;C:\Program Files\Java\jdk-21\bin;C:\Users\Yann-Gaël Guéhéneuc\AppData\Local\Programs\Python\Python312\Scripts;C:\Users\Yann-Gaël Guéhéneuc\AppData\Local\Programs\Python\Python312;C:\Users\Yann-Gaël Guéhéneuc\AppData\Local\Programs\PyPy;C:\Program Files (x86)\Intel\iCLS Client;C:\Program Files\Intel\iCLS Client;C:\WINDOWS\system32;C:\WINDOWS;C:\WINDOWS\System32\Wbem;C:\WINDOWS\System32\WindowsPowerShell\v1.0;C:\Program Files (x86)\Intel\Intel(R) Management Engine Components\DAL;C:\Program Files\Intel\Intel(R) Management Engine Components\DAL;C:\Program Files (x86)\Intel\Intel(R) Management Engine Components\IPT;C:\Program Files\Intel\Intel(R) Management Engine Components\IPT;C:\Program Files\Intel\WiFi\bin;C:\Program Files\Common Files\Intel\WirelessCommon;C:\Program Files\dotnet;C:\ProgramData\chocolatey\bin;C:\Maven\bin;C:\Users\Yann-Gaël Guéhéneuc\AppData\Local\Programs\Python\Python312\Scripts;C:\Users\Yann-Gaël Guéhéneuc\AppData\Local\Programs\Python\Python312;C:\Users\Yann-Gaël Guéhéneuc\AppData\Local\Microsoft\WindowsApps;C:\Program Files\FFMPEG\bin;C:\Users\Yann-Gaël Guéhéneuc\AppData\Local\Programs\MiKTeX\miktex\bin\x64;."/>
    <property name="java.vm.info" value="mixed mode, sharing"/>
    <property name="stderr.encoding" value="Cp1252"/>
    <property name="java.vendor" value="Oracle Corporation"/>
    <property name="java.vm.version" value="21.0.2+13-LTS-58"/>
    <property name="sun.io.unicode.encoding" value="UnicodeLittle"/>
    <property name="java.class.version" value="65.0"/>
  </properties>
  <testcase name="test" classname="net.ptidej.tutorial.manifold.test.Tests" time="0.043"/>
</testsuite>